{"numFailedTestSuites":4,"numFailedTests":0,"numPassedTestSuites":0,"numPassedTests":0,"numPendingTestSuites":0,"numPendingTests":0,"numRuntimeErrorTestSuites":4,"numTotalTestSuites":4,"numTotalTests":0,"snapshot":{"added":0,"didUpdate":false,"failure":false,"filesAdded":0,"filesRemoved":0,"filesUnmatched":0,"filesUpdated":0,"matched":0,"total":0,"unchecked":0,"unmatched":0,"updated":0},"startTime":1538110381551,"success":false,"testResults":[{"assertionResults":[],"coverage":{},"endTime":1538110386048,"message":"  \u001b[1m● \u001b[22mTest suite failed to run\n\n    C:/Users/dev02/Desktop/tuto/tutorials/study-react-test/src/components/__test__/NameList.test.js: Unexpected token (18:28)\n      \u001b[0m \u001b[90m 16 | \u001b[39m    let component \u001b[33m=\u001b[39m \u001b[36mnull\u001b[39m\u001b[33m;\u001b[39m\n       \u001b[90m 17 | \u001b[39m    it(\u001b[32m'NameList component render correctly.'\u001b[39m\u001b[33m,\u001b[39m () \u001b[33m=>\u001b[39m {\n      \u001b[31m\u001b[1m>\u001b[22m\u001b[39m\u001b[90m 18 | \u001b[39m        component \u001b[33m=\u001b[39m shallow(\u001b[33m<\u001b[39m\u001b[33mNameList\u001b[39m\u001b[33m/\u001b[39m\u001b[33m>\u001b[39m)\u001b[33m;\u001b[39m\n       \u001b[90m    | \u001b[39m                            \u001b[31m\u001b[1m^\u001b[22m\u001b[39m\n       \u001b[90m 19 | \u001b[39m    })\u001b[33m;\u001b[39m\n       \u001b[90m 20 | \u001b[39m\n       \u001b[90m 21 | \u001b[39m    it(\u001b[32m'render correctly with mock data'\u001b[39m\u001b[33m,\u001b[39m () \u001b[33m=>\u001b[39m {\u001b[0m\n","name":"C:\\Users\\dev02\\Desktop\\tuto\\tutorials\\study-react-test\\src\\components\\__test__\\NameList.test.js","startTime":1538110386048,"status":"failed","summary":""},{"assertionResults":[],"coverage":{},"endTime":1538110386048,"message":"  \u001b[1m● \u001b[22mTest suite failed to run\n\n    C:/Users/dev02/Desktop/tuto/tutorials/study-react-test/src/App.test.js: Unexpected token (26:28)\n      \u001b[0m \u001b[90m 24 | \u001b[39m\n       \u001b[90m 25 | \u001b[39m  it(\u001b[32m'check render correctly contains child components'\u001b[39m\u001b[33m,\u001b[39m () \u001b[33m=>\u001b[39m {\n      \u001b[31m\u001b[1m>\u001b[22m\u001b[39m\u001b[90m 26 | \u001b[39m    \u001b[36mconst\u001b[39m component \u001b[33m=\u001b[39m mount(\u001b[33m<\u001b[39m\u001b[33mApp\u001b[39m\u001b[33m/\u001b[39m\u001b[33m>\u001b[39m)\u001b[33m;\u001b[39m\n       \u001b[90m    | \u001b[39m                            \u001b[31m\u001b[1m^\u001b[22m\u001b[39m\n       \u001b[90m 27 | \u001b[39m    expect(component\u001b[33m.\u001b[39mcontains(\u001b[33mCounter\u001b[39m))\u001b[33m.\u001b[39mtoBeTruthy()\u001b[33m;\u001b[39m\n       \u001b[90m 28 | \u001b[39m    expect(component\u001b[33m.\u001b[39mcontains(\u001b[33mNameForm\u001b[39m))\u001b[33m.\u001b[39mtoBeTruthy()\u001b[33m;\u001b[39m\n       \u001b[90m 29 | \u001b[39m    expect(component\u001b[33m.\u001b[39mcontains(\u001b[33mNameList\u001b[39m))\u001b[33m.\u001b[39mtoBeTruthy()\u001b[33m;\u001b[39m\u001b[0m\n","name":"C:\\Users\\dev02\\Desktop\\tuto\\tutorials\\study-react-test\\src\\App.test.js","startTime":1538110386048,"status":"failed","summary":""},{"assertionResults":[],"coverage":{},"endTime":1538110386048,"message":"  \u001b[1m● \u001b[22mTest suite failed to run\n\n    C:/Users/dev02/Desktop/tuto/tutorials/study-react-test/src/components/__test__/Counter.test.js: Unexpected token (34:28)\n      \u001b[0m \u001b[90m 32 | \u001b[39m        \u001b[90m// shallow rendering is useful to constrain yourself to testing a component as a unit, \u001b[39m\n       \u001b[90m 33 | \u001b[39m        \u001b[90m// and to ensure that your tests aren't indirectly asserting on behavior of child components\u001b[39m\n      \u001b[31m\u001b[1m>\u001b[22m\u001b[39m\u001b[90m 34 | \u001b[39m        component \u001b[33m=\u001b[39m shallow(\u001b[33m<\u001b[39m\u001b[33mCounter\u001b[39m \u001b[33m/\u001b[39m\u001b[33m>\u001b[39m)\u001b[33m;\u001b[39m\n       \u001b[90m    | \u001b[39m                            \u001b[31m\u001b[1m^\u001b[22m\u001b[39m\n       \u001b[90m 35 | \u001b[39m\n       \u001b[90m 36 | \u001b[39m    })\u001b[33m;\u001b[39m\n       \u001b[90m 37 | \u001b[39m\u001b[0m\n","name":"C:\\Users\\dev02\\Desktop\\tuto\\tutorials\\study-react-test\\src\\components\\__test__\\Counter.test.js","startTime":1538110386048,"status":"failed","summary":""},{"assertionResults":[],"coverage":{},"endTime":1538110386048,"message":"  \u001b[1m● \u001b[22mTest suite failed to run\n\n    C:/Users/dev02/Desktop/tuto/tutorials/study-react-test/src/components/__test__/NameForm.test.js: Unexpected token (33:28)\n      \u001b[0m \u001b[90m 31 | \u001b[39m\n       \u001b[90m 32 | \u001b[39m    it(\u001b[32m'it renders correctly'\u001b[39m\u001b[33m,\u001b[39m () \u001b[33m=>\u001b[39m {\n      \u001b[31m\u001b[1m>\u001b[22m\u001b[39m\u001b[90m 33 | \u001b[39m        component \u001b[33m=\u001b[39m shallow(\u001b[33m<\u001b[39m\u001b[33mNameForm\u001b[39m onInsert\u001b[33m=\u001b[39m{onInsert} \u001b[33m/\u001b[39m\u001b[33m>\u001b[39m)\u001b[33m;\u001b[39m\n       \u001b[90m    | \u001b[39m                            \u001b[31m\u001b[1m^\u001b[22m\u001b[39m\n       \u001b[90m 34 | \u001b[39m    })\u001b[33m;\u001b[39m\n       \u001b[90m 35 | \u001b[39m\n       \u001b[90m 36 | \u001b[39m   \u001b[0m\n","name":"C:\\Users\\dev02\\Desktop\\tuto\\tutorials\\study-react-test\\src\\components\\__test__\\NameForm.test.js","startTime":1538110386048,"status":"failed","summary":""}],"wasInterrupted":false}