{"numFailedTestSuites":1,"numFailedTests":0,"numPassedTestSuites":0,"numPassedTests":0,"numPendingTestSuites":0,"numPendingTests":0,"numRuntimeErrorTestSuites":1,"numTotalTestSuites":1,"numTotalTests":0,"snapshot":{"added":0,"didUpdate":false,"failure":false,"filesAdded":0,"filesRemoved":0,"filesUnmatched":0,"filesUpdated":0,"matched":0,"total":0,"unchecked":0,"unmatched":0,"updated":0},"startTime":1538096423495,"success":false,"testResults":[{"assertionResults":[],"coverage":{},"endTime":1538096425675,"message":"  \u001b[1m● \u001b[22mTest suite failed to run\n\n    C:\\Users\\dev02\\Desktop\\tuto\\Tutorials\\storybook-ex\\src\\logo.svg:1\n    ({\"Object.<anonymous>\":function(module,exports,require,__dirname,__filename,global,jest){<svg xmlns=\"http://www.w3.org/2000/svg\" viewBox=\"0 0 841.9 595.3\">\n                                                                                             ^\n    \n    SyntaxError: Unexpected token <\n      \n      \u001b[2mat ScriptTransformer._transformAndBuildScript (\u001b[22m\u001b[0m\u001b[36mnode_modules/jest-runtime/build/ScriptTransformer.js\u001b[39m\u001b[0m\u001b[2m:289:17)\u001b[22m\n      \u001b[2mat Object.<anonymous> (\u001b[22m\u001b[0m\u001b[36msrc/App.js\u001b[39m\u001b[0m\u001b[2m:2:13)\u001b[22m\n      \u001b[2mat Object.<anonymous> (\u001b[22m\u001b[0m\u001b[36msrc/App.test.js\u001b[39m\u001b[0m\u001b[2m:3:12)\u001b[22m\n","name":"C:\\Users\\dev02\\Desktop\\tuto\\Tutorials\\storybook-ex\\src\\App.test.js","startTime":1538096425675,"status":"failed","summary":""}],"wasInterrupted":false}