{"numFailedTestSuites":0,"numFailedTests":0,"numPassedTestSuites":2,"numPassedTests":3,"numPendingTestSuites":0,"numPendingTests":0,"numRuntimeErrorTestSuites":0,"numTotalTestSuites":2,"numTotalTests":3,"snapshot":{"added":0,"didUpdate":false,"failure":false,"filesAdded":0,"filesRemoved":0,"filesUnmatched":0,"filesUpdated":0,"matched":1,"total":1,"unchecked":0,"unmatched":0,"updated":0},"startTime":1538110234867,"success":true,"testResults":[{"assertionResults":[{"failureMessages":[],"status":"passed","title":"<Mock/>"},{"failureMessages":[],"status":"passed","title":"contains div"}],"endTime":1538110237498,"message":"","name":"C:\\Users\\dev02\\Desktop\\tuto\\tutorials\\storybook-ex\\src\\components\\__test__\\Mock.test.js","startTime":1538110235833,"status":"passed","summary":""},{"assertionResults":[{"failureMessages":[],"status":"passed","title":"renders without crashing"}],"endTime":1538110237630,"message":"","name":"C:\\Users\\dev02\\Desktop\\tuto\\tutorials\\storybook-ex\\src\\App.test.js","startTime":1538110237530,"status":"passed","summary":""}],"wasInterrupted":false}