{"numFailedTestSuites":1,"numFailedTests":0,"numPassedTestSuites":0,"numPassedTests":0,"numPendingTestSuites":0,"numPendingTests":0,"numRuntimeErrorTestSuites":1,"numTotalTestSuites":1,"numTotalTests":0,"snapshot":{"added":0,"didUpdate":false,"failure":false,"filesAdded":0,"filesRemoved":0,"filesUnmatched":0,"filesUpdated":0,"matched":0,"total":0,"unchecked":0,"unmatched":0,"updated":0},"startTime":1538093537943,"success":false,"testResults":[{"assertionResults":[],"coverage":{},"endTime":1538093539778,"message":"  \u001b[1m● \u001b[22mTest suite failed to run\n\n    C:/Users/dev02/Desktop/tuto/Tutorials/storybook-ex/src/App.test.js: Unexpected token (7:18)\n      \u001b[0m \u001b[90m  5 | \u001b[39mit(\u001b[32m'renders without crashing'\u001b[39m\u001b[33m,\u001b[39m () \u001b[33m=>\u001b[39m {\n       \u001b[90m  6 | \u001b[39m  \u001b[36mconst\u001b[39m div \u001b[33m=\u001b[39m document\u001b[33m.\u001b[39mcreateElement(\u001b[32m'div'\u001b[39m)\u001b[33m;\u001b[39m\n      \u001b[31m\u001b[1m>\u001b[22m\u001b[39m\u001b[90m  7 | \u001b[39m  \u001b[33mReactDOM\u001b[39m\u001b[33m.\u001b[39mrender(\u001b[33m<\u001b[39m\u001b[33mApp\u001b[39m \u001b[33m/\u001b[39m\u001b[33m>\u001b[39m\u001b[33m,\u001b[39m div)\u001b[33m;\u001b[39m\n       \u001b[90m    | \u001b[39m                  \u001b[31m\u001b[1m^\u001b[22m\u001b[39m\n       \u001b[90m  8 | \u001b[39m  \u001b[33mReactDOM\u001b[39m\u001b[33m.\u001b[39munmountComponentAtNode(div)\u001b[33m;\u001b[39m\n       \u001b[90m  9 | \u001b[39m})\u001b[33m;\u001b[39m\n       \u001b[90m 10 | \u001b[39m\u001b[0m\n","name":"C:\\Users\\dev02\\Desktop\\tuto\\Tutorials\\storybook-ex\\src\\App.test.js","startTime":1538093539778,"status":"failed","summary":""}],"wasInterrupted":false}